{
  "RSpec": {
    "coverage": {
      "/Users/ahoward/Documents/Career Foundry/my_app/app/controllers/payments_controller.rb": [
        1,
        1,
        0,
        0,
        0,
        0,
        0,
        0,
        null,
        0,
        0,
        0,
        null,
        null,
        null,
        null,
        0,
        0,
        0,
        0,
        0,
        null,
        null,
        null,
        null,
        0,
        0,
        0,
        null,
        0,
        null,
        null
      ],
      "/Users/ahoward/Documents/Career Foundry/my_app/app/controllers/application_controller.rb": [
        1,
        null,
        null,
        1,
        null,
        1,
        0,
        null,
        null
      ],
      "/Users/ahoward/Documents/Career Foundry/my_app/app/controllers/static_pages_controller.rb": [
        1,
        1,
        null,
        null,
        1,
        0,
        null,
        null,
        1,
        0,
        0,
        0,
        0,
        null,
        null
      ],
      "/Users/ahoward/Documents/Career Foundry/my_app/app/controllers/users_controller.rb": [
        1,
        1,
        1,
        1,
        null,
        null,
        null,
        1,
        0,
        null,
        null,
        null,
        null,
        1,
        null,
        null,
        null,
        1,
        0,
        null,
        null,
        null,
        1,
        null,
        null,
        null,
        null,
        1,
        0,
        null,
        0,
        0,
        0,
        0,
        null,
        0,
        0,
        null,
        null,
        null,
        null,
        null,
        null,
        1,
        0,
        0,
        0,
        0,
        null,
        0,
        0,
        null,
        null,
        null,
        null,
        null,
        null,
        1,
        0,
        0,
        0,
        0,
        null,
        null,
        null,
        1,
        null,
        1,
        0,
        null,
        null,
        null,
        1,
        0,
        null,
        null
      ],
      "/Users/ahoward/Documents/Career Foundry/my_app/app/assets/channels/application_cable/channel.rb": [
        0,
        0,
        0,
        0
      ],
      "/Users/ahoward/Documents/Career Foundry/my_app/app/assets/channels/application_cable/connection.rb": [
        0,
        0,
        0,
        0
      ],
      "/Users/ahoward/Documents/Career Foundry/my_app/app/channels/application_cable/channel.rb": [
        0,
        0,
        0,
        0,
        0
      ],
      "/Users/ahoward/Documents/Career Foundry/my_app/app/channels/application_cable/connection.rb": [
        0,
        0,
        0,
        0,
        0,
        0,
        0,
        0,
        0,
        0,
        0,
        0,
        0,
        0,
        0,
        0,
        0,
        0,
        0,
        0,
        0,
        0,
        0
      ],
      "/Users/ahoward/Documents/Career Foundry/my_app/app/channels/product_channel.rb": [
        0,
        0,
        0,
        0,
        0,
        0,
        0,
        0,
        0,
        0,
        0,
        0,
        0,
        0,
        0
      ],
      "/Users/ahoward/Documents/Career Foundry/my_app/app/controllers/comments_controller.rb": [
        0,
        0,
        0,
        0,
        0,
        0,
        0,
        0,
        0,
        0,
        0,
        0,
        0,
        0,
        0,
        0,
        0,
        0,
        0,
        0,
        0,
        0,
        0,
        0,
        0,
        0,
        0,
        0,
        0,
        0,
        0,
        0,
        0,
        0,
        0,
        0,
        0,
        0,
        0,
        0,
        0
      ],
      "/Users/ahoward/Documents/Career Foundry/my_app/app/controllers/orders_controller.rb": [
        0,
        0,
        0,
        0,
        0,
        0,
        0,
        0,
        0,
        0,
        0,
        0,
        0,
        0,
        0,
        0,
        0,
        0,
        0
      ],
      "/Users/ahoward/Documents/Career Foundry/my_app/app/controllers/products_controller.rb": [
        0,
        0,
        0,
        0,
        0,
        0,
        0,
        0,
        0,
        0,
        0,
        0,
        0,
        0,
        0,
        0,
        0,
        0,
        0,
        0,
        0,
        0,
        0,
        0,
        0,
        0,
        0,
        0,
        0,
        0,
        0,
        0,
        0,
        0,
        0,
        0,
        0,
        0,
        0,
        0,
        0,
        0,
        0,
        0,
        0,
        0,
        0,
        0,
        0,
        0,
        0,
        0,
        0,
        0,
        0,
        0,
        0,
        0,
        0,
        0,
        0,
        0,
        0,
        0,
        0,
        0,
        0,
        0,
        0,
        0,
        0,
        0,
        0,
        0,
        0,
        0,
        0,
        0,
        0,
        0,
        0,
        0,
        0,
        0,
        0,
        0,
        0,
        0
      ],
      "/Users/ahoward/Documents/Career Foundry/my_app/app/controllers/user_registrations_controller.rb": [
        0,
        0,
        0,
        0,
        0,
        0,
        0,
        0
      ],
      "/Users/ahoward/Documents/Career Foundry/my_app/app/jobs/application_job.rb": [
        0,
        0
      ],
      "/Users/ahoward/Documents/Career Foundry/my_app/app/jobs/comment_update_job.rb": [
        0,
        0,
        0,
        0,
        0,
        0,
        0,
        0,
        0,
        0,
        0,
        0,
        0,
        0
      ],
      "/Users/ahoward/Documents/Career Foundry/my_app/app/models/ability.rb": [
        0,
        0,
        0,
        0,
        0,
        0,
        0,
        0,
        0,
        0,
        0
      ],
      "/Users/ahoward/Documents/Career Foundry/my_app/app/models/application_record.rb": [
        0,
        0,
        0
      ],
      "/Users/ahoward/Documents/Career Foundry/my_app/app/models/comment.rb": [
        0,
        0,
        0,
        0,
        0,
        0,
        0,
        0,
        0,
        0,
        0,
        0,
        0,
        0,
        0,
        0,
        0,
        0,
        0,
        0,
        0,
        0,
        0,
        0,
        0,
        0
      ],
      "/Users/ahoward/Documents/Career Foundry/my_app/app/models/order.rb": [
        0,
        0,
        0,
        0
      ],
      "/Users/ahoward/Documents/Career Foundry/my_app/app/models/product.rb": [
        0,
        0,
        0,
        0,
        0,
        0,
        0,
        0,
        0,
        0,
        0
      ],
      "/Users/ahoward/Documents/Career Foundry/my_app/app/models/user.rb": [
        0,
        0,
        0,
        0,
        0,
        0,
        0
      ]
    },
    "timestamp": 1476486732
  }
}
